<?xml version="1.0" encoding="UTF-8"?>
<!-- Generated by org.testng.reporters.JUnitReportReporter -->
<testsuite hostname="LP-5CG0471N6T" failures="0" tests="1" name="Addcookies" time="11.925" errors="0" timestamp="27 Oct 2021 09:17:12 GMT">
  <testcase classname="Addcookies" name="Hcl_page" time="11.925"/>
</testsuite> <!-- Addcookies -->
